# JRE version: Java(TM) SE Runtime Environment (17.0.7+8) (build 17.0.7+8-LTS-224)
# Java VM: Java HotSpot(TM) 64-Bit Server VM (17.0.7+8-LTS-224, mixed mode, sharing, tiered, compressed oops, compressed class ptrs, g1 gc, windows-amd64)
GC Precious Log:
 CPUs: 8 total, 8 available
 Memory: 7880M
 Large Page Support: Disabled
 NUMA Support: Disabled
 Compressed Oops: Enabled (32-bit)
 Heap Region Size: 1M
 Heap Min Capacity: 8M
 Heap Initial Capacity: 124M
 Heap Max Capacity: 1972M
 Pre-touch: Disabled
 Parallel Workers: 8
 Concurrent Workers: 2
 Concurrent Refinement Workers: 8
 Periodic GC: Disabled
Heap:
 garbage-first heap   total 48128K, used 25744K [0x0000000084c00000, 0x0000000100000000)
  region size 1024K, 3 young (3072K), 1 survivors (1024K)
 Metaspace       used 61695K, committed 62272K, reserved 1105920K
  class space    used 8368K, committed 8640K, reserved 1048576K
GC Heap History (20 events):
Event: 6.677 GC heap before
{Heap before GC invocations=11 (full 0):
 garbage-first heap   total 48128K, used 34635K [0x0000000084c00000, 0x0000000100000000)
  region size 1024K, 18 young (18432K), 2 survivors (2048K)
 Metaspace       used 43078K, committed 43520K, reserved 1089536K
  class space    used 5601K, committed 5824K, reserved 1048576K
}
Event: 6.680 GC heap after
{Heap after GC invocations=12 (full 0):
 garbage-first heap   total 48128K, used 19780K [0x0000000084c00000, 0x0000000100000000)
  region size 1024K, 3 young (3072K), 3 survivors (3072K)
 Metaspace       used 43078K, committed 43520K, reserved 1089536K
  class space    used 5601K, committed 5824K, reserved 1048576K
}
Event: 6.699 GC heap before
{Heap before GC invocations=12 (full 0):
 garbage-first heap   total 48128K, used 20804K [0x0000000084c00000, 0x0000000100000000)
  region size 1024K, 4 young (4096K), 3 survivors (3072K)
 Metaspace       used 43303K, committed 43840K, reserved 1089536K
  class space    used 5636K, committed 5888K, reserved 1048576K
}
Event: 6.703 GC heap after
{Heap after GC invocations=13 (full 0):
 garbage-first heap   total 48128K, used 20024K [0x0000000084c00000, 0x0000000100000000)
  region size 1024K, 1 young (1024K), 1 survivors (1024K)
 Metaspace       used 43303K, committed 43840K, reserved 1089536K
  class space    used 5636K, committed 5888K, reserved 1048576K
}
Event: 7.127 GC heap before
{Heap before GC invocations=13 (full 0):
 garbage-first heap   total 48128K, used 34360K [0x0000000084c00000, 0x0000000100000000)
  region size 1024K, 16 young (16384K), 1 survivors (1024K)
 Metaspace       used 47460K, committed 47872K, reserved 1097728K
  class space    used 6189K, committed 6400K, reserved 1048576K
}
Event: 7.129 GC heap after
{Heap after GC invocations=14 (full 0):
 garbage-first heap   total 48128K, used 20702K [0x0000000084c00000, 0x0000000100000000)
  region size 1024K, 2 young (2048K), 2 survivors (2048K)
 Metaspace       used 47460K, committed 47872K, reserved 1097728K
  class space    used 6189K, committed 6400K, reserved 1048576K
}
Event: 7.737 GC heap before
{Heap before GC invocations=14 (full 0):
 garbage-first heap   total 48128K, used 36062K [0x0000000084c00000, 0x0000000100000000)
  region size 1024K, 17 young (17408K), 2 survivors (2048K)
 Metaspace       used 51648K, committed 52160K, reserved 1097728K
  class space    used 6940K, committed 7168K, reserved 1048576K
}
Event: 7.740 GC heap after
{Heap after GC invocations=15 (full 0):
 garbage-first heap   total 48128K, used 21282K [0x0000000084c00000, 0x0000000100000000)
  region size 1024K, 2 young (2048K), 2 survivors (2048K)
 Metaspace       used 51648K, committed 52160K, reserved 1097728K
  class space    used 6940K, committed 7168K, reserved 1048576K
}
Event: 8.161 GC heap before
{Heap before GC invocations=15 (full 0):
 garbage-first heap   total 48128K, used 35618K [0x0000000084c00000, 0x0000000100000000)
  region size 1024K, 17 young (17408K), 2 survivors (2048K)
 Metaspace       used 55077K, committed 55616K, reserved 1097728K
  class space    used 7417K, committed 7680K, reserved 1048576K
}
Event: 8.165 GC heap after
{Heap after GC invocations=16 (full 0):
 garbage-first heap   total 48128K, used 22432K [0x0000000084c00000, 0x0000000100000000)
  region size 1024K, 2 young (2048K), 2 survivors (2048K)
 Metaspace       used 55077K, committed 55616K, reserved 1097728K
  class space    used 7417K, committed 7680K, reserved 1048576K
}
Event: 8.489 GC heap before
{Heap before GC invocations=16 (full 0):
 garbage-first heap   total 48128K, used 37792K [0x0000000084c00000, 0x0000000100000000)
  region size 1024K, 17 young (17408K), 2 survivors (2048K)
 Metaspace       used 57363K, committed 57856K, reserved 1105920K
  class space    used 7738K, committed 7936K, reserved 1048576K
}
Event: 8.492 GC heap after
{Heap after GC invocations=17 (full 0):
 garbage-first heap   total 48128K, used 23272K [0x0000000084c00000, 0x0000000100000000)
  region size 1024K, 2 young (2048K), 2 survivors (2048K)
 Metaspace       used 57363K, committed 57856K, reserved 1105920K
  class space    used 7738K, committed 7936K, reserved 1048576K
}
Event: 8.917 GC heap before
{Heap before GC invocations=17 (full 0):
 garbage-first heap   total 48128K, used 38632K [0x0000000084c00000, 0x0000000100000000)
  region size 1024K, 17 young (17408K), 2 survivors (2048K)
 Metaspace       used 59609K, committed 60160K, reserved 1105920K
  class space    used 8067K, committed 8320K, reserved 1048576K
}
Event: 8.921 GC heap after
{Heap after GC invocations=18 (full 0):
 garbage-first heap   total 48128K, used 24836K [0x0000000084c00000, 0x0000000100000000)
  region size 1024K, 3 young (3072K), 3 survivors (3072K)
 Metaspace       used 59609K, committed 60160K, reserved 1105920K
  class space    used 8067K, committed 8320K, reserved 1048576K
}
Event: 8.969 GC heap before
{Heap before GC invocations=18 (full 0):
 garbage-first heap   total 48128K, used 26884K [0x0000000084c00000, 0x0000000100000000)
  region size 1024K, 6 young (6144K), 3 survivors (3072K)
 Metaspace       used 59954K, committed 60416K, reserved 1105920K
  class space    used 8106K, committed 8320K, reserved 1048576K
}
Event: 8.972 GC heap after
{Heap after GC invocations=19 (full 0):
 garbage-first heap   total 48128K, used 25121K [0x0000000084c00000, 0x0000000100000000)
  region size 1024K, 1 young (1024K), 1 survivors (1024K)
 Metaspace       used 59954K, committed 60416K, reserved 1105920K
  class space    used 8106K, committed 8320K, reserved 1048576K
}
Event: 171.475 GC heap before
{Heap before GC invocations=20 (full 0):
 garbage-first heap   total 48128K, used 38433K [0x0000000084c00000, 0x0000000100000000)
  region size 1024K, 14 young (14336K), 1 survivors (1024K)
 Metaspace       used 60794K, committed 61312K, reserved 1105920K
  class space    used 8266K, committed 8512K, reserved 1048576K
}
Event: 171.501 GC heap after
{Heap after GC invocations=21 (full 0):
 garbage-first heap   total 48128K, used 25921K [0x0000000084c00000, 0x0000000100000000)
  region size 1024K, 2 young (2048K), 2 survivors (2048K)
 Metaspace       used 60794K, committed 61312K, reserved 1105920K
  class space    used 8266K, committed 8512K, reserved 1048576K
}
Event: 171.777 GC heap before
{Heap before GC invocations=21 (full 0):
 garbage-first heap   total 48128K, used 25921K [0x0000000084c00000, 0x0000000100000000)
  region size 1024K, 3 young (3072K), 2 survivors (2048K)
 Metaspace       used 61152K, committed 61696K, reserved 1105920K
  class space    used 8304K, committed 8576K, reserved 1048576K
}
Event: 171.793 GC heap after
{Heap after GC invocations=22 (full 0):
 garbage-first heap   total 48128K, used 25744K [0x0000000084c00000, 0x0000000100000000)
  region size 1024K, 1 young (1024K), 1 survivors (1024K)
 Metaspace       used 61152K, committed 61696K, reserved 1105920K
  class space    used 8304K, committed 8576K, reserved 1048576K
}

