# JRE version: Java(TM) SE Runtime Environment (17.0.7+8) (build 17.0.7+8-LTS-224)
# Java VM: Java HotSpot(TM) 64-Bit Server VM (17.0.7+8-LTS-224, mixed mode, sharing, tiered, compressed oops, compressed class ptrs, g1 gc, windows-amd64)
GC Precious Log:
 CPUs: 8 total, 8 available
 Memory: 7880M
 Large Page Support: Disabled
 NUMA Support: Disabled
 Compressed Oops: Enabled (32-bit)
 Heap Region Size: 1M
 Heap Min Capacity: 8M
 Heap Initial Capacity: 124M
 Heap Max Capacity: 1972M
 Pre-touch: Disabled
 Parallel Workers: 8
 Concurrent Workers: 2
 Concurrent Refinement Workers: 8
 Periodic GC: Disabled
Heap:
 garbage-first heap   total 65536K, used 30669K [0x0000000084c00000, 0x0000000100000000)
  region size 1024K, 12 young (12288K), 4 survivors (4096K)
 Metaspace       used 58709K, committed 59200K, reserved 1105920K
  class space    used 8056K, committed 8256K, reserved 1048576K
GC Heap History (20 events):
Event: 3.253 GC heap before
{Heap before GC invocations=2 (full 0):
 garbage-first heap   total 126976K, used 62387K [0x0000000084c00000, 0x0000000100000000)
  region size 1024K, 56 young (57344K), 2 survivors (2048K)
 Metaspace       used 21236K, committed 21504K, reserved 1073152K
  class space    used 2714K, committed 2816K, reserved 1048576K
}
Event: 3.264 GC heap after
{Heap after GC invocations=3 (full 0):
 garbage-first heap   total 126976K, used 12804K [0x0000000084c00000, 0x0000000100000000)
  region size 1024K, 6 young (6144K), 6 survivors (6144K)
 Metaspace       used 21236K, committed 21504K, reserved 1073152K
  class space    used 2714K, committed 2816K, reserved 1048576K
}
Event: 4.041 GC heap before
{Heap before GC invocations=4 (full 0):
 garbage-first heap   total 48128K, used 35332K [0x0000000084c00000, 0x0000000100000000)
  region size 1024K, 28 young (28672K), 6 survivors (6144K)
 Metaspace       used 24617K, committed 25024K, reserved 1073152K
  class space    used 3212K, committed 3392K, reserved 1048576K
}
Event: 4.054 GC heap after
{Heap after GC invocations=5 (full 0):
 garbage-first heap   total 48128K, used 14520K [0x0000000084c00000, 0x0000000100000000)
  region size 1024K, 2 young (2048K), 2 survivors (2048K)
 Metaspace       used 24617K, committed 25024K, reserved 1073152K
  class space    used 3212K, committed 3392K, reserved 1048576K
}
Event: 4.091 GC heap before
{Heap before GC invocations=5 (full 0):
 garbage-first heap   total 48128K, used 15544K [0x0000000084c00000, 0x0000000100000000)
  region size 1024K, 3 young (3072K), 2 survivors (2048K)
 Metaspace       used 24781K, committed 25152K, reserved 1073152K
  class space    used 3238K, committed 3392K, reserved 1048576K
}
Event: 4.098 GC heap after
{Heap after GC invocations=6 (full 0):
 garbage-first heap   total 48128K, used 14823K [0x0000000084c00000, 0x0000000100000000)
  region size 1024K, 1 young (1024K), 1 survivors (1024K)
 Metaspace       used 24781K, committed 25152K, reserved 1073152K
  class space    used 3238K, committed 3392K, reserved 1048576K
}
Event: 4.684 GC heap before
{Heap before GC invocations=6 (full 0):
 garbage-first heap   total 48128K, used 33255K [0x0000000084c00000, 0x0000000100000000)
  region size 1024K, 19 young (19456K), 1 survivors (1024K)
 Metaspace       used 28415K, committed 28800K, reserved 1081344K
  class space    used 3755K, committed 3968K, reserved 1048576K
}
Event: 4.690 GC heap after
{Heap after GC invocations=7 (full 0):
 garbage-first heap   total 48128K, used 15735K [0x0000000084c00000, 0x0000000100000000)
  region size 1024K, 2 young (2048K), 2 survivors (2048K)
 Metaspace       used 28415K, committed 28800K, reserved 1081344K
  class space    used 3755K, committed 3968K, reserved 1048576K
}
Event: 5.191 GC heap before
{Heap before GC invocations=7 (full 0):
 garbage-first heap   total 48128K, used 34167K [0x0000000084c00000, 0x0000000100000000)
  region size 1024K, 20 young (20480K), 2 survivors (2048K)
 Metaspace       used 33066K, committed 33472K, reserved 1081344K
  class space    used 4440K, committed 4608K, reserved 1048576K
}
Event: 5.196 GC heap after
{Heap after GC invocations=8 (full 0):
 garbage-first heap   total 73728K, used 16981K [0x0000000084c00000, 0x0000000100000000)
  region size 1024K, 3 young (3072K), 3 survivors (3072K)
 Metaspace       used 33066K, committed 33472K, reserved 1081344K
  class space    used 4440K, committed 4608K, reserved 1048576K
}
Event: 5.408 GC heap before
{Heap before GC invocations=8 (full 0):
 garbage-first heap   total 73728K, used 23125K [0x0000000084c00000, 0x0000000100000000)
  region size 1024K, 10 young (10240K), 3 survivors (3072K)
 Metaspace       used 35576K, committed 35968K, reserved 1081344K
  class space    used 4744K, committed 4928K, reserved 1048576K
}
Event: 5.415 GC heap after
{Heap after GC invocations=9 (full 0):
 garbage-first heap   total 73728K, used 18267K [0x0000000084c00000, 0x0000000100000000)
  region size 1024K, 4 young (4096K), 4 survivors (4096K)
 Metaspace       used 35576K, committed 35968K, reserved 1081344K
  class space    used 4744K, committed 4928K, reserved 1048576K
}
Event: 6.483 GC heap before
{Heap before GC invocations=10 (full 0):
 garbage-first heap   total 65536K, used 52059K [0x0000000084c00000, 0x0000000100000000)
  region size 1024K, 38 young (38912K), 4 survivors (4096K)
 Metaspace       used 47480K, committed 47936K, reserved 1097728K
  class space    used 6360K, committed 6592K, reserved 1048576K
}
Event: 6.492 GC heap after
{Heap after GC invocations=11 (full 0):
 garbage-first heap   total 65536K, used 20440K [0x0000000084c00000, 0x0000000100000000)
  region size 1024K, 5 young (5120K), 5 survivors (5120K)
 Metaspace       used 47480K, committed 47936K, reserved 1097728K
  class space    used 6360K, committed 6592K, reserved 1048576K
}
Event: 6.510 GC heap before
{Heap before GC invocations=11 (full 0):
 garbage-first heap   total 65536K, used 21464K [0x0000000084c00000, 0x0000000100000000)
  region size 1024K, 6 young (6144K), 5 survivors (5120K)
 Metaspace       used 47784K, committed 48192K, reserved 1097728K
  class space    used 6398K, committed 6592K, reserved 1048576K
}
Event: 6.518 GC heap after
{Heap after GC invocations=12 (full 0):
 garbage-first heap   total 65536K, used 20874K [0x0000000084c00000, 0x0000000100000000)
  region size 1024K, 1 young (1024K), 1 survivors (1024K)
 Metaspace       used 47784K, committed 48192K, reserved 1097728K
  class space    used 6398K, committed 6592K, reserved 1048576K
}
Event: 7.136 GC heap before
{Heap before GC invocations=12 (full 0):
 garbage-first heap   total 65536K, used 48522K [0x0000000084c00000, 0x0000000100000000)
  region size 1024K, 28 young (28672K), 1 survivors (1024K)
 Metaspace       used 53708K, committed 54144K, reserved 1097728K
  class space    used 7345K, committed 7552K, reserved 1048576K
}
Event: 7.141 GC heap after
{Heap after GC invocations=13 (full 0):
 garbage-first heap   total 65536K, used 21498K [0x0000000084c00000, 0x0000000100000000)
  region size 1024K, 2 young (2048K), 2 survivors (2048K)
 Metaspace       used 53708K, committed 54144K, reserved 1097728K
  class space    used 7345K, committed 7552K, reserved 1048576K
}
Event: 7.719 GC heap before
{Heap before GC invocations=13 (full 0):
 garbage-first heap   total 65536K, used 49146K [0x0000000084c00000, 0x0000000100000000)
  region size 1024K, 29 young (29696K), 2 survivors (2048K)
 Metaspace       used 57973K, committed 58368K, reserved 1105920K
  class space    used 7955K, committed 8128K, reserved 1048576K
}
Event: 7.726 GC heap after
{Heap after GC invocations=14 (full 0):
 garbage-first heap   total 65536K, used 23501K [0x0000000084c00000, 0x0000000100000000)
  region size 1024K, 4 young (4096K), 4 survivors (4096K)
 Metaspace       used 57973K, committed 58368K, reserved 1105920K
  class space    used 7955K, committed 8128K, reserved 1048576K
}

