# JRE version: Java(TM) SE Runtime Environment (17.0.7+8) (build 17.0.7+8-LTS-224)
# Java VM: Java HotSpot(TM) 64-Bit Server VM (17.0.7+8-LTS-224, mixed mode, sharing, tiered, compressed oops, compressed class ptrs, g1 gc, windows-amd64)
GC Precious Log:
 CPUs: 8 total, 8 available
 Memory: 7880M
 Large Page Support: Disabled
 NUMA Support: Disabled
 Compressed Oops: Enabled (32-bit)
 Heap Region Size: 1M
 Heap Min Capacity: 8M
 Heap Initial Capacity: 124M
 Heap Max Capacity: 1972M
 Pre-touch: Disabled
 Parallel Workers: 8
 Concurrent Workers: 2
 Concurrent Refinement Workers: 8
 Periodic GC: Disabled
Heap:
 garbage-first heap   total 65536K, used 27367K [0x0000000084c00000, 0x0000000100000000)
  region size 1024K, 9 young (9216K), 4 survivors (4096K)
 Metaspace       used 58279K, committed 58688K, reserved 1105920K
  class space    used 8004K, committed 8192K, reserved 1048576K
GC Heap History (20 events):
Event: 2.203 GC heap before
{Heap before GC invocations=1 (full 0):
 garbage-first heap   total 126976K, used 35544K [0x0000000084c00000, 0x0000000100000000)
  region size 1024K, 31 young (31744K), 3 survivors (3072K)
 Metaspace       used 11963K, committed 12160K, reserved 1064960K
  class space    used 1563K, committed 1664K, reserved 1048576K
}
Event: 2.216 GC heap after
{Heap after GC invocations=2 (full 0):
 garbage-first heap   total 126976K, used 9472K [0x0000000084c00000, 0x0000000100000000)
  region size 1024K, 3 young (3072K), 3 survivors (3072K)
 Metaspace       used 11963K, committed 12160K, reserved 1064960K
  class space    used 1563K, committed 1664K, reserved 1048576K
}
Event: 3.455 GC heap before
{Heap before GC invocations=2 (full 0):
 garbage-first heap   total 126976K, used 60672K [0x0000000084c00000, 0x0000000100000000)
  region size 1024K, 55 young (56320K), 3 survivors (3072K)
 Metaspace       used 21224K, committed 21504K, reserved 1073152K
  class space    used 2715K, committed 2880K, reserved 1048576K
}
Event: 3.468 GC heap after
{Heap after GC invocations=3 (full 0):
 garbage-first heap   total 126976K, used 12760K [0x0000000084c00000, 0x0000000100000000)
  region size 1024K, 6 young (6144K), 6 survivors (6144K)
 Metaspace       used 21224K, committed 21504K, reserved 1073152K
  class space    used 2715K, committed 2880K, reserved 1048576K
}
Event: 4.197 GC heap before
{Heap before GC invocations=4 (full 0):
 garbage-first heap   total 48128K, used 35288K [0x0000000084c00000, 0x0000000100000000)
  region size 1024K, 28 young (28672K), 6 survivors (6144K)
 Metaspace       used 24615K, committed 24960K, reserved 1073152K
  class space    used 3214K, committed 3392K, reserved 1048576K
}
Event: 4.213 GC heap after
{Heap after GC invocations=5 (full 0):
 garbage-first heap   total 48128K, used 14374K [0x0000000084c00000, 0x0000000100000000)
  region size 1024K, 2 young (2048K), 2 survivors (2048K)
 Metaspace       used 24615K, committed 24960K, reserved 1073152K
  class space    used 3214K, committed 3392K, reserved 1048576K
}
Event: 4.249 GC heap before
{Heap before GC invocations=5 (full 0):
 garbage-first heap   total 48128K, used 15398K [0x0000000084c00000, 0x0000000100000000)
  region size 1024K, 3 young (3072K), 2 survivors (2048K)
 Metaspace       used 24779K, committed 25152K, reserved 1073152K
  class space    used 3238K, committed 3392K, reserved 1048576K
}
Event: 4.256 GC heap after
{Heap after GC invocations=6 (full 0):
 garbage-first heap   total 48128K, used 14825K [0x0000000084c00000, 0x0000000100000000)
  region size 1024K, 1 young (1024K), 1 survivors (1024K)
 Metaspace       used 24779K, committed 25152K, reserved 1073152K
  class space    used 3238K, committed 3392K, reserved 1048576K
}
Event: 4.868 GC heap before
{Heap before GC invocations=6 (full 0):
 garbage-first heap   total 48128K, used 33257K [0x0000000084c00000, 0x0000000100000000)
  region size 1024K, 19 young (19456K), 1 survivors (1024K)
 Metaspace       used 28470K, committed 28928K, reserved 1081344K
  class space    used 3761K, committed 3968K, reserved 1048576K
}
Event: 4.875 GC heap after
{Heap after GC invocations=7 (full 0):
 garbage-first heap   total 74752K, used 15878K [0x0000000084c00000, 0x0000000100000000)
  region size 1024K, 2 young (2048K), 2 survivors (2048K)
 Metaspace       used 28470K, committed 28928K, reserved 1081344K
  class space    used 3761K, committed 3968K, reserved 1048576K
}
Event: 5.523 GC heap before
{Heap before GC invocations=7 (full 0):
 garbage-first heap   total 74752K, used 40454K [0x0000000084c00000, 0x0000000100000000)
  region size 1024K, 27 young (27648K), 2 survivors (2048K)
 Metaspace       used 35575K, committed 35968K, reserved 1081344K
  class space    used 4747K, committed 4928K, reserved 1048576K
}
Event: 5.531 GC heap after
{Heap after GC invocations=8 (full 0):
 garbage-first heap   total 74752K, used 18042K [0x0000000084c00000, 0x0000000100000000)
  region size 1024K, 4 young (4096K), 4 survivors (4096K)
 Metaspace       used 35575K, committed 35968K, reserved 1081344K
  class space    used 4747K, committed 4928K, reserved 1048576K
}
Event: 6.401 GC heap before
{Heap before GC invocations=9 (full 0):
 garbage-first heap   total 65536K, used 52858K [0x0000000084c00000, 0x0000000100000000)
  region size 1024K, 38 young (38912K), 4 survivors (4096K)
 Metaspace       used 47325K, committed 47680K, reserved 1097728K
  class space    used 6342K, committed 6528K, reserved 1048576K
}
Event: 6.411 GC heap after
{Heap after GC invocations=10 (full 0):
 garbage-first heap   total 65536K, used 20474K [0x0000000084c00000, 0x0000000100000000)
  region size 1024K, 5 young (5120K), 5 survivors (5120K)
 Metaspace       used 47325K, committed 47680K, reserved 1097728K
  class space    used 6342K, committed 6528K, reserved 1048576K
}
Event: 6.433 GC heap before
{Heap before GC invocations=10 (full 0):
 garbage-first heap   total 65536K, used 20474K [0x0000000084c00000, 0x0000000100000000)
  region size 1024K, 6 young (6144K), 5 survivors (5120K)
 Metaspace       used 47664K, committed 48064K, reserved 1097728K
  class space    used 6377K, committed 6592K, reserved 1048576K
}
Event: 6.442 GC heap after
{Heap after GC invocations=11 (full 0):
 garbage-first heap   total 65536K, used 20606K [0x0000000084c00000, 0x0000000100000000)
  region size 1024K, 1 young (1024K), 1 survivors (1024K)
 Metaspace       used 47664K, committed 48064K, reserved 1097728K
  class space    used 6377K, committed 6592K, reserved 1048576K
}
Event: 7.197 GC heap before
{Heap before GC invocations=11 (full 0):
 garbage-first heap   total 65536K, used 48254K [0x0000000084c00000, 0x0000000100000000)
  region size 1024K, 28 young (28672K), 1 survivors (1024K)
 Metaspace       used 53577K, committed 54016K, reserved 1097728K
  class space    used 7348K, committed 7552K, reserved 1048576K
}
Event: 7.203 GC heap after
{Heap after GC invocations=12 (full 0):
 garbage-first heap   total 65536K, used 21347K [0x0000000084c00000, 0x0000000100000000)
  region size 1024K, 2 young (2048K), 2 survivors (2048K)
 Metaspace       used 53577K, committed 54016K, reserved 1097728K
  class space    used 7348K, committed 7552K, reserved 1048576K
}
Event: 8.036 GC heap before
{Heap before GC invocations=12 (full 0):
 garbage-first heap   total 65536K, used 48995K [0x0000000084c00000, 0x0000000100000000)
  region size 1024K, 29 young (29696K), 2 survivors (2048K)
 Metaspace       used 57862K, committed 58240K, reserved 1105920K
  class space    used 7947K, committed 8128K, reserved 1048576K
}
Event: 8.045 GC heap after
{Heap after GC invocations=13 (full 0):
 garbage-first heap   total 65536K, used 23271K [0x0000000084c00000, 0x0000000100000000)
  region size 1024K, 4 young (4096K), 4 survivors (4096K)
 Metaspace       used 57862K, committed 58240K, reserved 1105920K
  class space    used 7947K, committed 8128K, reserved 1048576K
}

